# JRE version: OpenJDK Runtime Environment (8.0_312-b07) (build 1.8.0_312-b07)
# Java VM: OpenJDK 64-Bit Server VM (25.312-b07 mixed mode windows-amd64 compressed oops)
Heap:
 PSYoungGen      total 201728K, used 180848K [0x000000076b180000, 0x0000000778200000, 0x00000007c0000000)
  eden space 190976K, 94% used [0x000000076b180000,0x000000077621c0a0,0x0000000776c00000)
  from space 10752K, 0% used [0x0000000777680000,0x0000000777680000,0x0000000778100000)
  to   space 10752K, 0% used [0x0000000776c00000,0x0000000776c00000,0x0000000777680000)
 ParOldGen       total 220160K, used 36147K [0x00000006c1400000, 0x00000006ceb00000, 0x000000076b180000)
  object space 220160K, 16% used [0x00000006c1400000,0x00000006c374cf38,0x00000006ceb00000)
 Metaspace       used 52508K, capacity 53625K, committed 53800K, reserved 1095680K
  class space    used 6392K, capacity 6691K, committed 6704K, reserved 1048576K
GC Heap History (10 events):
Event: 1.479 GC heap before
{Heap before GC invocations=2 (full 0):
 PSYoungGen      total 76288K, used 35270K [0x000000076b180000, 0x0000000774680000, 0x00000007c0000000)
  eden space 65536K, 37% used [0x000000076b180000,0x000000076c9738e8,0x000000076f180000)
  from space 10752K, 99% used [0x000000076f180000,0x000000076fbfe070,0x000000076fc00000)
  to   space 10752K, 0% used [0x0000000773c00000,0x0000000773c00000,0x0000000774680000)
 ParOldGen       total 175104K, used 4408K [0x00000006c1400000, 0x00000006cbf00000, 0x000000076b180000)
  object space 175104K, 2% used [0x00000006c1400000,0x00000006c184e360,0x00000006cbf00000)
 Metaspace       used 20606K, capacity 21072K, committed 21296K, reserved 1069056K
  class space    used 2438K, capacity 2585K, committed 2608K, reserved 1048576K
Event: 1.489 GC heap after
Heap after GC invocations=2 (full 0):
 PSYoungGen      total 141824K, used 10744K [0x000000076b180000, 0x0000000774680000, 0x00000007c0000000)
  eden space 131072K, 0% used [0x000000076b180000,0x000000076b180000,0x0000000773180000)
  from space 10752K, 99% used [0x0000000773c00000,0x000000077467e2b8,0x0000000774680000)
  to   space 10752K, 0% used [0x0000000773180000,0x0000000773180000,0x0000000773c00000)
 ParOldGen       total 175104K, used 8995K [0x00000006c1400000, 0x00000006cbf00000, 0x000000076b180000)
  object space 175104K, 5% used [0x00000006c1400000,0x00000006c1cc8d30,0x00000006cbf00000)
 Metaspace       used 20606K, capacity 21072K, committed 21296K, reserved 1069056K
  class space    used 2438K, capacity 2585K, committed 2608K, reserved 1048576K
}
Event: 1.489 GC heap before
{Heap before GC invocations=3 (full 1):
 PSYoungGen      total 141824K, used 10744K [0x000000076b180000, 0x0000000774680000, 0x00000007c0000000)
  eden space 131072K, 0% used [0x000000076b180000,0x000000076b180000,0x0000000773180000)
  from space 10752K, 99% used [0x0000000773c00000,0x000000077467e2b8,0x0000000774680000)
  to   space 10752K, 0% used [0x0000000773180000,0x0000000773180000,0x0000000773c00000)
 ParOldGen       total 175104K, used 8995K [0x00000006c1400000, 0x00000006cbf00000, 0x000000076b180000)
  object space 175104K, 5% used [0x00000006c1400000,0x00000006c1cc8d30,0x00000006cbf00000)
 Metaspace       used 20606K, capacity 21072K, committed 21296K, reserved 1069056K
  class space    used 2438K, capacity 2585K, committed 2608K, reserved 1048576K
Event: 1.529 GC heap after
Heap after GC invocations=3 (full 1):
 PSYoungGen      total 141824K, used 0K [0x000000076b180000, 0x0000000774680000, 0x00000007c0000000)
  eden space 131072K, 0% used [0x000000076b180000,0x000000076b180000,0x0000000773180000)
  from space 10752K, 0% used [0x0000000773c00000,0x0000000773c00000,0x0000000774680000)
  to   space 10752K, 0% used [0x0000000773180000,0x0000000773180000,0x0000000773c00000)
 ParOldGen       total 121856K, used 15180K [0x00000006c1400000, 0x00000006c8b00000, 0x000000076b180000)
  object space 121856K, 12% used [0x00000006c1400000,0x00000006c22d3030,0x00000006c8b00000)
 Metaspace       used 20606K, capacity 21072K, committed 21296K, reserved 1069056K
  class space    used 2438K, capacity 2585K, committed 2608K, reserved 1048576K
}
Event: 2.795 GC heap before
{Heap before GC invocations=4 (full 1):
 PSYoungGen      total 141824K, used 131072K [0x000000076b180000, 0x0000000774680000, 0x00000007c0000000)
  eden space 131072K, 100% used [0x000000076b180000,0x0000000773180000,0x0000000773180000)
  from space 10752K, 0% used [0x0000000773c00000,0x0000000773c00000,0x0000000774680000)
  to   space 10752K, 0% used [0x0000000773180000,0x0000000773180000,0x0000000773c00000)
 ParOldGen       total 121856K, used 15180K [0x00000006c1400000, 0x00000006c8b00000, 0x000000076b180000)
  object space 121856K, 12% used [0x00000006c1400000,0x00000006c22d3030,0x00000006c8b00000)
 Metaspace       used 29391K, capacity 30039K, committed 30384K, reserved 1075200K
  class space    used 3996K, capacity 4195K, committed 4272K, reserved 1048576K
Event: 2.826 GC heap after
Heap after GC invocations=4 (full 1):
 PSYoungGen      total 141824K, used 10739K [0x000000076b180000, 0x0000000778100000, 0x00000007c0000000)
  eden space 131072K, 0% used [0x000000076b180000,0x000000076b180000,0x0000000773180000)
  from space 10752K, 99% used [0x0000000773180000,0x0000000773bfcdf0,0x0000000773c00000)
  to   space 10752K, 0% used [0x0000000777680000,0x0000000777680000,0x0000000778100000)
 ParOldGen       total 121856K, used 30676K [0x00000006c1400000, 0x00000006c8b00000, 0x000000076b180000)
  object space 121856K, 25% used [0x00000006c1400000,0x00000006c31f52c0,0x00000006c8b00000)
 Metaspace       used 29391K, capacity 30039K, committed 30384K, reserved 1075200K
  class space    used 3996K, capacity 4195K, committed 4272K, reserved 1048576K
}
Event: 3.490 GC heap before
{Heap before GC invocations=5 (full 1):
 PSYoungGen      total 141824K, used 45661K [0x000000076b180000, 0x0000000778100000, 0x00000007c0000000)
  eden space 131072K, 26% used [0x000000076b180000,0x000000076d39a868,0x0000000773180000)
  from space 10752K, 99% used [0x0000000773180000,0x0000000773bfcdf0,0x0000000773c00000)
  to   space 10752K, 0% used [0x0000000777680000,0x0000000777680000,0x0000000778100000)
 ParOldGen       total 121856K, used 30676K [0x00000006c1400000, 0x00000006c8b00000, 0x000000076b180000)
  object space 121856K, 25% used [0x00000006c1400000,0x00000006c31f52c0,0x00000006c8b00000)
 Metaspace       used 34492K, capacity 35171K, committed 35496K, reserved 1079296K
  class space    used 4464K, capacity 4681K, committed 4784K, reserved 1048576K
Event: 3.507 GC heap after
Heap after GC invocations=5 (full 1):
 PSYoungGen      total 201728K, used 10726K [0x000000076b180000, 0x0000000778200000, 0x00000007c0000000)
  eden space 190976K, 0% used [0x000000076b180000,0x000000076b180000,0x0000000776c00000)
  from space 10752K, 99% used [0x0000000777680000,0x00000007780f9850,0x0000000778100000)
  to   space 10752K, 0% used [0x0000000776c00000,0x0000000776c00000,0x0000000777680000)
 ParOldGen       total 121856K, used 40352K [0x00000006c1400000, 0x00000006c8b00000, 0x000000076b180000)
  object space 121856K, 33% used [0x00000006c1400000,0x00000006c3b68108,0x00000006c8b00000)
 Metaspace       used 34492K, capacity 35171K, committed 35496K, reserved 1079296K
  class space    used 4464K, capacity 4681K, committed 4784K, reserved 1048576K
}
Event: 3.507 GC heap before
{Heap before GC invocations=6 (full 2):
 PSYoungGen      total 201728K, used 10726K [0x000000076b180000, 0x0000000778200000, 0x00000007c0000000)
  eden space 190976K, 0% used [0x000000076b180000,0x000000076b180000,0x0000000776c00000)
  from space 10752K, 99% used [0x0000000777680000,0x00000007780f9850,0x0000000778100000)
  to   space 10752K, 0% used [0x0000000776c00000,0x0000000776c00000,0x0000000777680000)
 ParOldGen       total 121856K, used 40352K [0x00000006c1400000, 0x00000006c8b00000, 0x000000076b180000)
  object space 121856K, 33% used [0x00000006c1400000,0x00000006c3b68108,0x00000006c8b00000)
 Metaspace       used 34492K, capacity 35171K, committed 35496K, reserved 1079296K
  class space    used 4464K, capacity 4681K, committed 4784K, reserved 1048576K
Event: 3.633 GC heap after
Heap after GC invocations=6 (full 2):
 PSYoungGen      total 201728K, used 0K [0x000000076b180000, 0x0000000778200000, 0x00000007c0000000)
  eden space 190976K, 0% used [0x000000076b180000,0x000000076b180000,0x0000000776c00000)
  from space 10752K, 0% used [0x0000000777680000,0x0000000777680000,0x0000000778100000)
  to   space 10752K, 0% used [0x0000000776c00000,0x0000000776c00000,0x0000000777680000)
 ParOldGen       total 220160K, used 36147K [0x00000006c1400000, 0x00000006ceb00000, 0x000000076b180000)
  object space 220160K, 16% used [0x00000006c1400000,0x00000006c374cf38,0x00000006ceb00000)
 Metaspace       used 34492K, capacity 35171K, committed 35496K, reserved 1079296K
  class space    used 4464K, capacity 4681K, committed 4784K, reserved 1048576K
}

